<?xml version="1.0" encoding="UTF-8"?>
<testsuite xmlns:xsi="http://www.w3.org/2001/XMLSchema-instance" xsi:noNamespaceSchemaLocation="https://maven.apache.org/surefire/maven-surefire-plugin/xsd/surefire-test-report.xsd" version="3.0.2" name="com.blog.my_blog.MyBlogApplicationTests" time="0.03" tests="1" errors="0" skipped="0" failures="0" flakes="0">
  <properties>
[...]
</properties>
  <testcase name="contextLoads" classname="com.blog.my_blog.MyBlogApplicationTests" time="0.01">
    <system-out><![CDATA[2026-05-29T15:18:26.725+03:00  INFO 72269 --- [my-blog] [           main] t.c.s.AnnotationConfigContextLoaderUtils : Could not detect default configuration classes for test class [com.blog.my_blog.MyBlogApplicationTests]: MyBlogApplicationTests does not declare any static, non-private, non-final, nested classes annotated with @Configuration.
2026-05-29T15:18:26.730+03:00  INFO 72269 --- [my-blog] [           main] .b.t.c.SpringBootTestContextBootstrapper : Found @SpringBootConfiguration com.blog.my_blog.MyBlogApplication for test class com.blog.my_blog.MyBlogApplicationTests
2026-05-29T15:18:26.732+03:00  INFO 72269 --- [my-blog] [           main] t.c.s.AnnotationConfigContextLoaderUtils : Could not detect default configuration classes for test class [com.blog.my_blog.MyBlogApplicationTests]: MyBlogApplicationTests does not declare any static, non-private, non-final, nested classes annotated with @Configuration.
2026-05-29T15:18:26.736+03:00  INFO 72269 --- [my-blog] [           main] .b.t.c.SpringBootTestContextBootstrapper : Found @SpringBootConfiguration com.blog.my_blog.MyBlogApplication for test class com.blog.my_blog.MyBlogApplicationTests
]]></system-out>
  </testcase>
</testsuite>