<?xml version="1.0" encoding="UTF-8"?>
<testsuite xmlns:xsi="http://www.w3.org/2001/XMLSchema-instance" xsi:noNamespaceSchemaLocation="https://maven.apache.org/surefire/maven-surefire-plugin/xsd/surefire-test-report.xsd" version="3.0.2" name="com.blog.my_blog.BlogIntegrationTest" time="8.176" tests="3" errors="0" skipped="0" failures="0" flakes="0">
  <properties>
[...]
</properties>
  <testcase name="shouldFetchPostsByAuthor" classname="com.blog.my_blog.BlogIntegrationTest" time="1.036">
    <system-out><![CDATA[15:18:18.837 [main] INFO org.springframework.test.context.support.AnnotationConfigContextLoaderUtils -- Could not detect default configuration classes for test class [com.blog.my_blog.BlogIntegrationTest]: BlogIntegrationTest does not declare any static, non-private, non-final, nested classes annotated with @Configuration.
15:18:19.009 [main] INFO org.springframework.boot.test.context.SpringBootTestContextBootstrapper -- Found @SpringBootConfiguration com.blog.my_blog.MyBlogApplication for test class com.blog.my_blog.BlogIntegrationTest
15:18:19.131 [main] INFO org.springframework.test.context.support.AnnotationConfigContextLoaderUtils -- Could not detect default configuration classes for test class [com.blog.my_blog.BlogIntegrationTest]: BlogIntegrationTest does not declare any static, non-private, non-final, nested classes annotated with @Configuration.
15:18:19.136 [main] INFO org.springframework.boot.test.context.SpringBootTestContextBootstrapper -- Found @SpringBootConfiguration com.blog.my_blog.MyBlogApplication for test class com.blog.my_blog.BlogIntegrationTest

  .   ____          _            __ _ _
 /\\ / ___'_ __ _ _(_)_ __  __ _ \ \ \ \
( ( )\___ | '_ | '_| | '_ \/ _` | \ \ \ \
 \\/  ___)| |_)| | | | | || (_| |  ) ) ) )
  '  |____| .__|_| |_|_| |_\__, | / / / /
 =========|_|==============|___/=/_/_/_/

 :: Spring Boot ::                (v4.0.6)

2026-05-29T15:18:19.641+03:00  INFO 72269 --- [my-blog] [           main] com.blog.my_blog.BlogIntegrationTest     : Starting BlogIntegrationTest using Java 25.0.3 with PID 72269 (started by noone in /home/noone/Desktop/projects/my-blog)
2026-05-29T15:18:19.643+03:00  INFO 72269 --- [my-blog] [           main] com.blog.my_blog.BlogIntegrationTest     : No active profile set, falling back to 1 default profile: "default"
2026-05-29T15:18:20.926+03:00  INFO 72269 --- [my-blog] [           main] .s.d.r.c.RepositoryConfigurationDelegate : Bootstrapping Spring Data JPA repositories in DEFAULT mode.
2026-05-29T15:18:21.040+03:00  INFO 72269 --- [my-blog] [           main] .s.d.r.c.RepositoryConfigurationDelegate : Finished Spring Data repository scanning in 98 ms. Found 4 JPA repository interfaces.
2026-05-29T15:18:21.665+03:00  INFO 72269 --- [my-blog] [           main] org.hibernate.orm.jpa                    : HHH008540: Processing PersistenceUnitInfo [name: default]
2026-05-29T15:18:21.741+03:00  INFO 72269 --- [my-blog] [           main] org.hibernate.orm.core                   : HHH000001: Hibernate ORM core version 7.2.12.Final
2026-05-29T15:18:22.459+03:00  INFO 72269 --- [my-blog] [           main] o.s.o.j.p.SpringPersistenceUnitInfo      : No LoadTimeWeaver setup: ignoring JPA class transformer
2026-05-29T15:18:22.518+03:00  INFO 72269 --- [my-blog] [           main] com.zaxxer.hikari.HikariDataSource       : HikariPool-1 - Starting...
2026-05-29T15:18:22.803+03:00  INFO 72269 --- [my-blog] [           main] com.zaxxer.hikari.pool.HikariPool        : HikariPool-1 - Added connection conn0: url=jdbc:h2:mem:blogdb user=SA
2026-05-29T15:18:22.807+03:00  INFO 72269 --- [my-blog] [           main] com.zaxxer.hikari.HikariDataSource       : HikariPool-1 - Start completed.
2026-05-29T15:18:22.935+03:00  INFO 72269 --- [my-blog] [           main] org.hibernate.orm.connections.pooling    : HHH10001005: Database info:
	Database JDBC URL [jdbc:h2:mem:blogdb]
	Database driver: H2 JDBC Driver
	Database dialect: H2Dialect
	Database version: 2.4.240
	Default catalog/schema: blogdb/public
	Autocommit mode: undefined/unknown
	Isolation level: READ_COMMITTED [default READ_COMMITTED]
	JDBC fetch size: 100
	Pool: DataSourceConnectionProvider
	Minimum pool size: undefined/unknown
	Maximum pool size: undefined/unknown
2026-05-29T15:18:24.179+03:00  INFO 72269 --- [my-blog] [           main] org.hibernate.orm.core                   : HHH000489: No JTA platform available (set 'hibernate.transaction.jta.platform' to enable JTA platform integration)
Hibernate: 
    drop table if exists comments cascade 
Hibernate: 
    drop table if exists post_tags cascade 
Hibernate: 
    drop table if exists posts cascade 
Hibernate: 
    drop table if exists tags cascade 
Hibernate: 
    drop table if exists users cascade 
Hibernate: 
    create table comments (
        created_at timestamp(6) with time zone,
        author_id uuid not null,
        id uuid not null,
        post_id uuid not null,
        content varchar(255) not null,
        primary key (id)
    )
Hibernate: 
    create table post_tags (
        post_id uuid not null,
        tag_id uuid not null,
        primary key (post_id, tag_id)
    )
Hibernate: 
    create table posts (
        created_at timestamp(6) with time zone,
        updated_at timestamp(6) with time zone,
        author_id uuid not null,
        id uuid not null,
        status varchar(20) not null,
        content varchar(255) not null,
        slug varchar(255),
        summary varchar(255),
        title varchar(255) not null,
        primary key (id)
    )
Hibernate: 
    create table tags (
        id uuid not null,
        name varchar(64) not null unique,
        primary key (id)
    )
Hibernate: 
    create table users (
        created_at timestamp(6) with time zone,
        id uuid not null,
        role varchar(20) not null,
        username varchar(64) not null unique,
        email varchar(255) not null unique,
        password varchar(255) not null,
        primary key (id)
    )
Hibernate: 
    alter table if exists comments 
       add constraint FKn2na60ukhs76ibtpt9burkm27 
       foreign key (author_id) 
       references users
Hibernate: 
    alter table if exists comments 
       add constraint FKh4c7lvsc298whoyd4w9ta25cr 
       foreign key (post_id) 
       references posts
Hibernate: 
    alter table if exists post_tags 
       add constraint FKm6cfovkyqvu5rlm6ahdx3eavj 
       foreign key (tag_id) 
       references tags
Hibernate: 
    alter table if exists post_tags 
       add constraint FKkifam22p4s1nm3bkmp1igcn5w 
       foreign key (post_id) 
       references posts
Hibernate: 
    alter table if exists posts 
       add constraint FK6xvn0811tkyo3nfjk2xvqx6ns 
       foreign key (author_id) 
       references users
2026-05-29T15:18:24.240+03:00  INFO 72269 --- [my-blog] [           main] j.LocalContainerEntityManagerFactoryBean : Initialized JPA EntityManagerFactory for persistence unit 'default'
2026-05-29T15:18:24.339+03:00  INFO 72269 --- [my-blog] [           main] o.s.d.j.r.query.QueryEnhancerFactories   : Hibernate is in classpath; If applicable, HQL parser will be used.
2026-05-29T15:18:24.945+03:00  WARN 72269 --- [my-blog] [           main] JpaBaseConfiguration$JpaWebConfiguration : spring.jpa.open-in-view is enabled by default. Therefore, database queries may be performed during view rendering. Explicitly configure spring.jpa.open-in-view to disable this warning
2026-05-29T15:18:24.966+03:00  INFO 72269 --- [my-blog] [           main] o.s.b.w.a.WelcomePageHandlerMapping      : Adding welcome page: class path resource [static/index.html]
2026-05-29T15:18:25.540+03:00  INFO 72269 --- [my-blog] [           main] com.blog.my_blog.BlogIntegrationTest     : Started BlogIntegrationTest in 6.314 seconds (process running for 8.114)
Hibernate: 
    select
        u1_0.id,
        u1_0.created_at,
        u1_0.email,
        u1_0.password,
        u1_0.role,
        u1_0.username 
    from
        users u1_0 
    where
        u1_0.username=?
Hibernate: 
    select
        u1_0.id,
        u1_0.created_at,
        u1_0.email,
        u1_0.password,
        u1_0.role,
        u1_0.username 
    from
        users u1_0 
    where
        u1_0.email=?
Hibernate: 
    insert 
    into
        users
        (email, password, role, username, id) 
    values
        (?, ?, ?, ?, ?)
Hibernate: 
    insert 
    into
        posts
        (author_id, content, slug, status, summary, title, updated_at, id) 
    values
        (?, ?, ?, ?, ?, ?, ?, ?)
Hibernate: 
    insert 
    into
        posts
        (author_id, content, slug, status, summary, title, updated_at, id) 
    values
        (?, ?, ?, ?, ?, ?, ?, ?)
Hibernate: 
    select
        p1_0.id,
        p1_0.author_id,
        p1_0.content,
        p1_0.created_at,
        p1_0.slug,
        p1_0.status,
        p1_0.summary,
        p1_0.title,
        p1_0.updated_at 
    from
        posts p1_0 
    where
        p1_0.author_id=?
]]></system-out>
    <system-err><![CDATA[Mockito is currently self-attaching to enable the inline-mock-maker. This will no longer work in future releases of the JDK. Please add Mockito as an agent to your build as described in Mockito's documentation: https://javadoc.io/doc/org.mockito/mockito-core/latest/org.mockito/org/mockito/Mockito.html#0.3
WARNING: A Java agent has been loaded dynamically (/home/noone/.m2/repository/net/bytebuddy/byte-buddy-agent/1.17.8/byte-buddy-agent-1.17.8.jar)
WARNING: If a serviceability tool is in use, please run with -XX:+EnableDynamicAgentLoading to hide this warning
WARNING: If a serviceability tool is not in use, please run with -Djdk.instrument.traceUsage for more information
WARNING: Dynamic loading of agents will be disallowed by default in a future release
]]></system-err>
  </testcase>
  <testcase name="contextLoads" classname="com.blog.my_blog.BlogIntegrationTest" time="0.011"/>
  <testcase name="shouldCreateUserPostAndComment" classname="com.blog.my_blog.BlogIntegrationTest" time="0.099">
    <system-out><![CDATA[Hibernate: 
    select
        u1_0.id,
        u1_0.created_at,
        u1_0.email,
        u1_0.password,
        u1_0.role,
        u1_0.username 
    from
        users u1_0 
    where
        u1_0.username=?
Hibernate: 
    select
        u1_0.id,
        u1_0.created_at,
        u1_0.email,
        u1_0.password,
        u1_0.role,
        u1_0.username 
    from
        users u1_0 
    where
        u1_0.email=?
Hibernate: 
    select
        t1_0.id,
        t1_0.name 
    from
        tags t1_0 
    where
        t1_0.name=?
Hibernate: 
    insert 
    into
        users
        (email, password, role, username, id) 
    values
        (?, ?, ?, ?, ?)
Hibernate: 
    insert 
    into
        tags
        (name, id) 
    values
        (?, ?)
Hibernate: 
    select
        t1_0.id,
        t1_0.name 
    from
        tags t1_0 
    where
        t1_0.name=?
Hibernate: 
    select
        u1_0.id,
        u1_0.created_at,
        u1_0.email,
        u1_0.password,
        u1_0.role,
        u1_0.username 
    from
        users u1_0 
    where
        u1_0.username=?
Hibernate: 
    select
        u1_0.id,
        u1_0.created_at,
        u1_0.email,
        u1_0.password,
        u1_0.role,
        u1_0.username 
    from
        users u1_0 
    where
        u1_0.email=?
Hibernate: 
    insert 
    into
        tags
        (name, id) 
    values
        (?, ?)
Hibernate: 
    insert 
    into
        posts
        (author_id, content, slug, status, summary, title, updated_at, id) 
    values
        (?, ?, ?, ?, ?, ?, ?, ?)
Hibernate: 
    insert 
    into
        users
        (email, password, role, username, id) 
    values
        (?, ?, ?, ?, ?)
Hibernate: 
    insert 
    into
        comments
        (author_id, content, post_id, id) 
    values
        (?, ?, ?, ?)
Hibernate: 
    insert 
    into
        post_tags
        (post_id, tag_id) 
    values
        (?, ?)
Hibernate: 
    insert 
    into
        post_tags
        (post_id, tag_id) 
    values
        (?, ?)
Hibernate: 
    select
        count(*) 
    from
        posts p1_0 
    where
        p1_0.id=?
Hibernate: 
    select
        c1_0.id,
        c1_0.author_id,
        c1_0.content,
        c1_0.created_at,
        c1_0.post_id 
    from
        comments c1_0 
    where
        c1_0.post_id=?
]]></system-out>
  </testcase>
</testsuite>